!
! Particle Specification
!
Version=3
AreaGUID=4611687148589260059
[SETTINGS]
  .Name=\art\fx\particles\fx_data_squares_rise_purple_p.prt
  .Folder=\art\fx\particles\
  .ParticleType=BILLBOARD_POINT
  .EmitAtDeathSpec=
  .Motion=
  .Drag=
  .Buoyancy=[0:1:L][1:2:L]O;0.25
  .Trajectory=
  .CollisionResponse=COLLIDE_IGNORE
  .LifeSpan=<0.35,0.55,0.05,0>
  .DeltaRotation2D=
  .OrientationAxis=XYZ
  .XScale2D=<0.025,0.125,0.05,0>
  .YScale2D=[0:0:O][1:0.5:I]O
  .ScaleEachUpdate=true
  .LieFlat=true
  .BlurFactor=0
  .BackFace=true
  .DepthBias=1
  .SourceBlend=D3DBLEND_SRCALPHA
  .DestBlend=D3DBLEND_ONE
  .TextureName=\art\fx\texture\glow\bw_square_w_halo.dds
  .TextureNumber=0
  .Size2D=<0.1,0.2,0.05,0>
  .ResizeEachUpdate=true
  .DiffuseColor=[0:#0.3,0.3,0.3,1:L][0.161:#1,1,1,1:L][0.648:#0.507,0.507,0.507,1:L][0.834:#1,1,1,1:L][1:#0.15,0.15,0.15,1:L]O
  .BloomMode=HIGH
  .UseParticleHueing=true
  .ParticleHueColors=[0:#0,0,0,1:L][0.813:#0.365,0,1,1:L][1:#1,1,1,1:L]O
  .MinDistanceFromCamera=0
  .AlphaFalloff=0
  .FarAlphaFalloff=0
  .DistanceScaleAdjustment=1
  .ScaleClampDistance=0
  .MaxDistanceFromCamera=0
  .AlignToTrajectory=false
  .UPivotOffset=
  .VPivotOffset=
  .DoTrail=false
  .RowSize=1
  .ColumnSize=1
  .StartFrame=0
  .FrameMoveDirection=0
  .AnimationSpeed=0
  .DoChildEmitter=false
  .EmitSpec=
  .InitialRotation2D=
  .EmitFrequency=
  .EmitterRadius=
  .WithinRadius=
  .AttractorPosition=
  .AttractorStrength=
  .CollideWithAttractor=false
  .UseChaseTarget=false
  .DeltaRotation3D=
  .LinkChildren=false
  .LinkToCamera=false
  .RunUp=false
  .NumberToEmit=1
  .InitialRotation3D=
  .DeltaRotationUseLocalSpace=false
  .IgnoreFog=false
