!
! Particle Specification
!
Version=3
AreaGUID=4611686081600169600
[SETTINGS]
  .Name=\art\fx\particles\op_land_mine_green_area_pulse_p.prt
  .Folder=\art\fx\particles\
  .ParticleType=BILLBOARD_POINT
  .EmitAtDeathSpec=
  .Motion=
  .Drag=
  .Buoyancy=1.025
  .Trajectory=
  .CollisionResponse=COLLIDE_IGNORE
  .LifeSpan=2
  .DeltaRotation2D=
  .OrientationAxis=NONE
  .XScale2D=1
  .YScale2D=1
  .ScaleEachUpdate=true
  .LieFlat=true
  .BlurFactor=0
  .BackFace=true
  .DepthBias=1
  .SourceBlend=D3DBLEND_SRCALPHA
  .DestBlend=D3DBLEND_ONE
  .TextureName=\art\fx\texture\symbol\tr_reticle_v01.dds
  .TextureNumber=1
  .Size2D=0.725
  .ResizeEachUpdate=false
  .DiffuseColor=[0:#0,0,0,0:L][0.461:#0.009,0.336,1,1:L][1:#0,0,0,0:O]O
  .BloomMode=FULLBASE_MEDIUM
  .UseParticleHueing=false
  .MinDistanceFromCamera=0
  .AlphaFalloff=0
  .FarAlphaFalloff=50
  .DistanceScaleAdjustment=1
  .ScaleClampDistance=0
  .MaxDistanceFromCamera=200
  .AlignToTrajectory=false
  .UPivotOffset=
  .VPivotOffset=0
  .DoTrail=false
  .RowSize=1
  .ColumnSize=1
  .StartFrame=0
  .FrameMoveDirection=0
  .AnimationSpeed=0
  .DoChildEmitter=false
  .EmitSpec=
  .InitialRotation2D=
  .EmitFrequency=
  .EmitterRadius=
  .WithinRadius=
  .AttractorPosition=
  .AttractorStrength=
  .CollideWithAttractor=false
  .UseChaseTarget=false
  .DeltaRotation3D=
  .LinkChildren=false
  .LinkToCamera=false
  .RunUp=false
  .NumberToEmit=1
  .InitialRotation3D=
  .DeltaRotationUseLocalSpace=false
  .IgnoreFog=false
