!
! Particle Specification
!
Version=3
AreaGUID=4611686334602690004
[SETTINGS]
  .Name=\art\fx\particles\env_gree_console_ring_orange_p.prt
  .Folder=\art\fx\particles\
  .ParticleType=BILLBOARD_POINT
  .EmitAtDeathSpec=
  .Motion=
  .Drag=
  .Buoyancy=1
  .Trajectory=
  .CollisionResponse=COLLIDE_IGNORE
  .LifeSpan=1
  .DeltaRotation2D=<-1,1,1,0>
  .OrientationAxis=NONE
  .XScale2D=0.75
  .YScale2D=0.75
  .ScaleEachUpdate=true
  .LieFlat=true
  .BlurFactor=0
  .BackFace=true
  .DepthBias=1
  .SourceBlend=D3DBLEND_SRCALPHA
  .DestBlend=D3DBLEND_ONE
  .TextureName=art\fx\texture\symbol\fx_loot_reticle_2x2_01.dds
  .TextureNumber=8
  .Size2D=0.1
  .ResizeEachUpdate=true
  .DiffuseColor=[0:#1,1,1,0:L][0.308:#1,1,1,1:L][0.648:#1,1,1,1:L][1:#1,1,1,0:L]O
  .BloomMode=MEDIUM
  .UseParticleHueing=true
  .ParticleHueColors=[0:#0,0,0,1:L][1:#1,0,0.463,1:L]O
  .MinDistanceFromCamera=0
  .AlphaFalloff=0
  .FarAlphaFalloff=0
  .DistanceScaleAdjustment=1
  .ScaleClampDistance=0
  .MaxDistanceFromCamera=0
  .AlignToTrajectory=false
  .UPivotOffset=
  .VPivotOffset=
  .DoTrail=false
  .RowSize=1
  .ColumnSize=1
  .StartFrame=0
  .FrameMoveDirection=0
  .AnimationSpeed=0
  .DoChildEmitter=false
  .EmitSpec=
  .InitialRotation2D=
  .EmitFrequency=
  .EmitterRadius=
  .WithinRadius=
  .AttractorPosition=
  .AttractorStrength=
  .CollideWithAttractor=false
  .UseChaseTarget=false
  .DeltaRotation3D=
  .LinkChildren=false
  .LinkToCamera=false
  .RunUp=false
  .NumberToEmit=1
  .InitialRotation3D=
  .DeltaRotationUseLocalSpace=false
  .IgnoreFog=false
