!
! Particle Specification
!
Version=3
AreaGUID=4611686118153825128
[SETTINGS]
  .Name=\art\fx\particles\bh_flame_burst_flames_additive_p.prt
  .Folder=\art\fx\particles\
  .ParticleType=BILLBOARD_POINT
  .EmitAtDeathSpec=
  .Motion=
  .Drag=
  .Buoyancy=1.5
  .Trajectory=(<-0.3,0.3,0.15,0>,<-0.3,0.3,0.15,0>,0.4)
  .CollisionResponse=COLLIDE_IGNORE
  .LifeSpan=1.2
  .DeltaRotation2D=
  .OrientationAxis=XYZ
  .XScale2D=[0:0.05:I][1:0.7:L]O
  .YScale2D=[0:0.05:I][1:0.87:L]O
  .ScaleEachUpdate=true
  .LieFlat=false
  .BlurFactor=0
  .BackFace=true
  .DepthBias=0.95
  .SourceBlend=D3DBLEND_SRCALPHA
  .DestBlend=D3DBLEND_INVSRCALPHA
  .TextureName=\art\fx\texture\fire\bw_fire_8x8_loop_alpha_01.dds
  .TextureNumber=0
  .Size2D=<0.3,0.45,7.5,0>
  .ResizeEachUpdate=false
  .DiffuseColor=[0:#0.39,0.39,0.39,0:L][0.15:#0.65,0.65,0.65,0.72:I][0.66:#0.394,0.386,0.386,1:L][1:#0.273,0.267,0.267,0:L]O
  .BloomMode=LOW
  .UseParticleHueing=true
  .ParticleHueColors=[0:#0.21,0.21,0.21,1:O][0.505:#0.38,0.38,0.38,1:L][0.75:#0.5,0.5,0.5,1:O][1:#0.5,0.5,0.5,1:L]O
  .MinDistanceFromCamera=0
  .AlphaFalloff=0
  .FarAlphaFalloff=0
  .DistanceScaleAdjustment=0
  .ScaleClampDistance=0
  .MaxDistanceFromCamera=0
  .AlignToTrajectory=false
  .UPivotOffset=
  .VPivotOffset=
  .DoTrail=false
  .RowSize=8
  .ColumnSize=8
  .StartFrame=-1
  .FrameMoveDirection=1
  .AnimationSpeed=0.03125
  .DoChildEmitter=false
  .EmitSpec=
  .InitialRotation2D=
  .EmitFrequency=
  .EmitterRadius=
  .WithinRadius=
  .AttractorPosition=
  .AttractorStrength=
  .CollideWithAttractor=false
  .UseChaseTarget=false
  .DeltaRotation3D=
  .LinkChildren=false
  .LinkToCamera=false
  .RunUp=false
  .NumberToEmit=1
  .MaxActiveEmissions=1000
  .InitialRotation3D=
  .DeltaRotationUseLocalSpace=false
  .IgnoreFog=false
