!
! Particle Specification
!
Version=3
AreaGUID=4611686118153825128
[SETTINGS]
  .Name=\art\fx\particles\bh_flame_burst_flames_orange_p.prt
  .Folder=\art\fx\particles\
  .ParticleType=BILLBOARD_POINT
  .EmitAtDeathSpec=
  .Motion=
  .Drag=
  .Buoyancy=1.5
  .Trajectory=(<-0.3,0.3,0.15,0>,<-0.3,0.3,0.15,0>,0.4)
  .CollisionResponse=COLLIDE_IGNORE
  .LifeSpan=1.2
  .DeltaRotation2D=
  .OrientationAxis=XYZ
  .XScale2D=[0:0:L][0.2:0.25:I][1:0.65:I]O
  .YScale2D=[0:0:L][0.2:0.25:I][1:0.85:L]O
  .ScaleEachUpdate=true
  .LieFlat=false
  .BlurFactor=0
  .BackFace=true
  .DepthBias=1.1
  .SourceBlend=D3DBLEND_SRCALPHA
  .DestBlend=D3DBLEND_ONE
  .TextureName=\art\fx\texture\fire\bw_fire_8x8_loop_alpha_01.dds
  .TextureNumber=0
  .Size2D=<0.3,0.45,7.5,0>
  .ResizeEachUpdate=false
  .DiffuseColor=[0:#0.62,0.207,0,0:L][0.1:#0.62,0.207,0,0:I][0.321:#1,1,1,0.6:L][0.8:#1,0.6,0,0.9:L][1:#0.614,0.206,0.006,0:L]O
  .BloomMode=MEDIUM
  .UseParticleHueing=true
  .ParticleHueColors=[0:#0.512,0.311,0.008,1:O][0.505:#0.772,0.351,0.008,1:L][0.75:#1,0.58,0,1:O][1:#0.989,0.816,0.47,1:L]O
  .MinDistanceFromCamera=0
  .AlphaFalloff=0
  .FarAlphaFalloff=0
  .DistanceScaleAdjustment=1
  .ScaleClampDistance=0
  .MaxDistanceFromCamera=0
  .AlignToTrajectory=false
  .UPivotOffset=
  .VPivotOffset=
  .DoTrail=false
  .RowSize=8
  .ColumnSize=8
  .StartFrame=-1
  .FrameMoveDirection=1
  .AnimationSpeed=0.0156
  .DoChildEmitter=false
  .EmitSpec=
  .InitialRotation2D=
  .EmitFrequency=
  .EmitterRadius=
  .WithinRadius=
  .AttractorPosition=
  .AttractorStrength=
  .CollideWithAttractor=false
  .UseChaseTarget=false
  .DeltaRotation3D=
  .LinkChildren=false
  .LinkToCamera=false
  .RunUp=false
  .NumberToEmit=1
  .MaxActiveEmissions=1000
  .InitialRotation3D=
  .DeltaRotationUseLocalSpace=false
  .IgnoreFog=false
