!
! Particle Specification
!
Version=3
AreaGUID=4611686334143840014
[SETTINGS]
  .Name=/art/fx/particles/main_peice_round_glow_glare_flash_p.prt
  .Folder=/art/fx/particles/
  .ParticleType=BILLBOARD_POINT
  .EmitAtDeathSpec=
  .Motion=
  .Drag=
  .Buoyancy=1
  .Trajectory=
  .CollisionResponse=COLLIDE_IGNORE
  .LifeSpan=0.4
  .DeltaRotation2D=
  .OrientationAxis=NONE
  .XScale2D=[0:1:O][1:0.25:H]O
  .YScale2D=[0:1:O][1:0.25:H]O
  .ScaleEachUpdate=true
  .LieFlat=true
  .BlurFactor=0
  .BackFace=true
  .DepthBias=1.1
  .SourceBlend=D3DBLEND_SRCALPHA
  .DestBlend=D3DBLEND_INVSRCALPHA
  .TextureName=art\fx\texture\glow\fx_force_shockwave.dds
  .TextureNumber=0
  .Size2D=0.105
  .ResizeEachUpdate=true
  .DiffuseColor=[0:#0,0,0,0:L][0.301:#0.62,0.647,0.98,0.75:L][0.484:#0.4,0,1,0.5:L][1:#0,0,0,0:L]O
  .BloomMode=MEDIUM
  .UseParticleHueing=false
  .MinDistanceFromCamera=0
  .AlphaFalloff=0
  .FarAlphaFalloff=0
  .DistanceScaleAdjustment=1
  .ScaleClampDistance=0
  .MaxDistanceFromCamera=0
  .AlignToTrajectory=false
  .UPivotOffset=
  .VPivotOffset=
  .DoTrail=false
  .RowSize=1
  .ColumnSize=1
  .StartFrame=0
  .FrameMoveDirection=0
  .AnimationSpeed=0
  .DoChildEmitter=false
  .EmitSpec=
  .InitialRotation2D=
  .EmitFrequency=
  .EmitterRadius=
  .WithinRadius=
  .AttractorPosition=
  .AttractorStrength=
  .CollideWithAttractor=false
  .UseChaseTarget=false
  .DeltaRotation3D=
  .LinkChildren=false
  .LinkToCamera=false
  .RunUp=false
  .NumberToEmit=1
  .MaxActiveEmissions=1000
  .InitialRotation3D=
  .DeltaRotationUseLocalSpace=false
  .IgnoreFog=false
