!
! Particle Specification
!
Version=3
AreaGUID=4611686334143840014
[SETTINGS]
  .Name=/art/fx/particles/main_peice_glow_and_trails_p.prt
  .Folder=/art/fx/particles/
  .ParticleType=BILLBOARD_POINT
  .EmitAtDeathSpec=
  .Motion=
  .Drag=
  .Buoyancy=1
  .Trajectory=
  .CollisionResponse=COLLIDE_IGNORE
  .LifeSpan=3
  .DeltaRotation2D=
  .OrientationAxis=XYZ
  .XScale2D=1
  .YScale2D=1
  .ScaleEachUpdate=true
  .LieFlat=false
  .BlurFactor=0
  .BackFace=true
  .DepthBias=1
  .SourceBlend=D3DBLEND_SRCALPHA
  .DestBlend=D3DBLEND_INVSRCALPHA
  .TextureName=\art\fx\texture\glow\bw_fx_electric_coil_glow_a.dds
  .TextureNumber=0
  .Size2D=0.1
  .ResizeEachUpdate=false
  .DiffuseColor=[0:#1,1,1,0:S][0.497:#1,1,1,0.2:S][1:#1,1,1,0:L]O
  .BloomMode=NONE
  .UseParticleHueing=true
  .ParticleHueColors=[0:#0,0,0,1:L][0.184:#0.502,0,0.659,1:L][0.438:#0.702,0.193,0.905,1:L][1:#0.921,0.752,0.988,1:L]O
  .MinDistanceFromCamera=0
  .AlphaFalloff=0
  .FarAlphaFalloff=0
  .DistanceScaleAdjustment=1
  .ScaleClampDistance=0
  .MaxDistanceFromCamera=0
  .AlignToTrajectory=false
  .UPivotOffset=
  .VPivotOffset=
  .DoTrail=true
  .TrailColor1=#1,1,1,0
  .TrailColor2=#1,1,1,0
  .TrailColor3=#1,1,1,1
  .TrailColor4=#1,1,1,1
  .AnimatedTintColor=
  .TrailLengthModifier=1
  .TrailDecay=0.4
  .TrailVertex1=
  .TrailVertex2=
  .DoSecondaryTrail=true
  .SecondaryTrailVertex1=(0,0.01,0)
  .SecondaryTrailVertex2=(0,-0.01,0)
  .TrailAddRate=0
  .TrailTexture=\art\fx\texture\trail\jk_trail_blue_hollow.dds
  .RowSize=1
  .ColumnSize=1
  .StartFrame=0
  .FrameMoveDirection=0
  .AnimationSpeed=0
  .DoChildEmitter=false
  .EmitSpec=
  .InitialRotation2D=
  .EmitFrequency=
  .EmitterRadius=
  .WithinRadius=
  .AttractorPosition=
  .AttractorStrength=
  .CollideWithAttractor=false
  .UseChaseTarget=false
  .DeltaRotation3D=
  .LinkChildren=false
  .LinkToCamera=false
  .RunUp=false
  .NumberToEmit=1
  .MaxActiveEmissions=1000
  .InitialRotation3D=
  .DeltaRotationUseLocalSpace=false
  .IgnoreFog=false
