!
! Particle Specification
!
Version=3
AreaGUID=4611686353541247009
[SETTINGS]
  .Name=/art/fx/particles/dynamic_standard_blaster_bolt_still_01_p.prt
  .Folder=/art/fx/particles/
  .ParticleType=BILLBOARD_POINT
  .EmitAtDeathSpec=
  .Motion=
  .Drag=
  .Buoyancy=1
  .Trajectory=(0,0,0)
  .CollisionResponse=COLLIDE_IGNORE
  .LifeSpan=10
  .DeltaRotation2D=
  .OrientationAxis=NONE
  .XScale2D=0.2
  .YScale2D=0.6
  .ScaleEachUpdate=false
  .LieFlat=false
  .BlurFactor=0
  .BackFace=true
  .DepthBias=1
  .SourceBlend=D3DBLEND_SRCALPHA
  .DestBlend=D3DBLEND_ONE
  .TextureName=art/fx/texture/weapon_ranged/bw_blaster_ship_w_alpha_90.dds
  .TextureNumber=0
  .Size2D=0.1
  .ResizeEachUpdate=false
  .DiffuseColor=#1,1,1,1
  .BloomMode=MEDIUM
  .UseParticleHueing=true
  .ParticleHueColors=[0:#0,0,0,1:L][0.363:#0.39,0.39,0.39,1:L][0.759:#0.73,0.73,0.73,1:L][1:#0.958,0.947,0.993,1:L]O
  .MinDistanceFromCamera=0
  .AlphaFalloff=0
  .FarAlphaFalloff=0
  .DistanceScaleAdjustment=0
  .ScaleClampDistance=0
  .MaxDistanceFromCamera=0
  .AlignToTrajectory=true
  .UPivotOffset=
  .VPivotOffset=
  .DoTrail=false
  .RowSize=1
  .ColumnSize=1
  .StartFrame=0
  .FrameMoveDirection=0
  .AnimationSpeed=0
  .DoChildEmitter=false
  .EmitSpec=
  .InitialRotation2D=
  .EmitFrequency=
  .EmitterRadius=
  .WithinRadius=
  .AttractorPosition=
  .AttractorStrength=
  .CollideWithAttractor=false
  .UseChaseTarget=false
  .DeltaRotation3D=
  .LinkChildren=false
  .LinkToCamera=false
  .RunUp=false
  .NumberToEmit=1
  .MaxActiveEmissions=1000
  .InitialRotation3D=
  .DeltaRotationUseLocalSpace=false
  .IgnoreFog=false
