!
! Particle Specification
!
Version=3
AreaGUID=4611686348965397001
[SETTINGS]
  .Name=/art/fx/particles/bh_firestorm_thrower_flames_p.prt
  .Folder=/art/fx/particles/
  .ParticleType=BILLBOARD_POINT
  .EmitAtDeathSpec=
  .Motion=
  .Drag=[0:0:O][1:0.9:L]O
  .Buoyancy=1
  .Trajectory=(0,0,-1.3)
  .CollisionResponse=COLLIDE_IGNORE
  .LifeSpan=1.1
  .DeltaRotation2D=<-0.5,0.5,10,0>
  .OrientationAxis=XYZ
  .XScale2D=[0:0:I][1:0.5:L]O
  .YScale2D=[0:0:I][1:0.65:L]O
  .ScaleEachUpdate=true
  .LieFlat=false
  .BlurFactor=0
  .BackFace=true
  .DepthBias=1.1
  .SourceBlend=D3DBLEND_SRCALPHA
  .DestBlend=D3DBLEND_ONE
  .TextureName=\art\fx\texture\fire\bw_fire_8x8_loop_alpha_01.dds
  .TextureNumber=0
  .Size2D=<0.4,0.6,10,0>
  .ResizeEachUpdate=false
  .DiffuseColor=[0:#0,0.145,1,0:L][0.023:#0.908,0.852,0.852,0.864:S][0.127:#0.98,0.967,0.967,0.97:L][0.598:#1,1,1,1:O][1:#1,1,1,0:L]O
  .BloomMode=FULLBASE_MEDIUM
  .UseParticleHueing=true
  .ParticleHueColors=[0:#0,0,0,1:O][0.249:#0.332,0.099,0.009,1:L][0.767:#0.988,0.576,0.432,1:L][1:#0.985,0.954,0.935,1:L]O
  .MinDistanceFromCamera=0
  .AlphaFalloff=0
  .FarAlphaFalloff=0
  .DistanceScaleAdjustment=1
  .ScaleClampDistance=0
  .MaxDistanceFromCamera=0
  .AlignToTrajectory=false
  .UPivotOffset=
  .VPivotOffset=
  .DoTrail=false
  .RowSize=8
  .ColumnSize=8
  .StartFrame=-1
  .FrameMoveDirection=1
  .AnimationSpeed=0.04
  .DoChildEmitter=false
  .EmitSpec=
  .InitialRotation2D=
  .EmitFrequency=
  .EmitterRadius=
  .WithinRadius=
  .AttractorPosition=
  .AttractorStrength=
  .CollideWithAttractor=false
  .UseChaseTarget=false
  .DeltaRotation3D=
  .LinkChildren=false
  .LinkToCamera=false
  .RunUp=false
  .NumberToEmit=1
  .MaxActiveEmissions=1000
  .InitialRotation3D=
  .DeltaRotationUseLocalSpace=false
  .IgnoreFog=true
  .UseLighting=false
