!
! Particle Specification
!
Version=3
AreaGUID=4611686040290370948
[SETTINGS]
  .Name=/art/fx/particles/tr_hec_barrelrings_01_p.prt
  .Folder=/art/fx/particles/
  .ParticleType=GRANNY
  .EmitAtDeathSpec=
  .Motion=[0:(0.0000,0.0000,0.0000):O][0.667:(0.0000,0.0000,0.0000):I][1:(0.0000,0.2500,0.0000):L]O
  .Drag=
  .Buoyancy=1
  .Trajectory=(0,0.0001,0)
  .CollisionResponse=COLLIDE_IGNORE
  .LifeSpan=0.6
  .LieFlat=false
  .OrientationAxis=XYZ
  .DeltaRotation3D=
  .Scale3D=[0:(1.0000,1.0000,1.0000):L][0.6:(1.0000,1.0000,1.0000):L][1:(1.0000,10.0000,1.0000):L]O
  .UniformScale3D=[0:0.5:L][0.6:0.25:L][1:0.1:L]O
  .GrannyFileName=\art\fx\geometry\trooper\fx_tr_armorpiercingclip_rings.gr2
  .DiffuseColor=[0:#0,0,0,0:I][0.5:#0,0,0,1:O][1:#0,0,0,0:L]O
  .AmbientColor=
  .AlphaFalloff=0
  .FarAlphaFalloff=0
  .InitialRotation3D=
  .MaxDistanceFromCamera=0
  .AlignToTrajectory=true
  .SourceBlend=D3DBLEND_SRCALPHA
  .DestBlend=D3DBLEND_ONE
  .DoChildEmitter=false
  .EmitSpec=
  .InitialRotation2D=
  .EmitFrequency=
  .EmitterRadius=
  .WithinRadius=
  .AttractorPosition=
  .AttractorStrength=
  .CollideWithAttractor=false
  .UseChaseTarget=false
  .LinkChildren=false
  .LinkToCamera=false
  .RunUp=false
  .NumberToEmit=1
  .MaxActiveEmissions=1000
  .UseParticleHueing=false
  .UseSoftParticles=false
  .DeltaRotationUseLocalSpace=false
  .DirectionalShadowCastingStyle=CASTING_NEVER
  .OmniShadowCastingStyle=CASTING_NEVER
