!
! Particle Specification
!
Version=3
AreaGUID=4611686068372632407
[SETTINGS]
  .Name=\art\fx\particles\bh_incendiary_missile_projectile_core_p.prt
  .Folder=\art\fx\particles\
  .ParticleType=BILLBOARD_POINT
  .EmitAtDeathSpec=
  .Motion=
  .Drag=
  .Buoyancy=1.02
  .Trajectory=(<-0.025,0.025,1,0>,<-0.025,0.025,1,0>,0)
  .CollisionResponse=COLLIDE_IGNORE
  .LifeSpan=<0.24,0.36,1,0>
  .DeltaRotation2D=<-0.5,0.5,1,0>
  .OrientationAxis=XYZ
  .XScale2D=[0:0.05:S][0.298:0.1:S][1:0.066:S]O
  .YScale2D=[0:0.05:S][0.298:0.1:S][1:0.066:S]O
  .ScaleEachUpdate=true
  .LieFlat=false
  .BlurFactor=0
  .BackFace=true
  .RespectFog=true
  .DepthBias=1
  .SourceBlend=D3DBLEND_SRCALPHA
  .DestBlend=D3DBLEND_ONE
  .SpecifyTexturePerWeaponColor=false
  .Size2D=<0.35,0.55,1,0>
  .ResizeEachUpdate=false
  .DiffuseColor=2[0:[0:#0.987,0.528,0.114,0:L][1:#0.966,0.857,0.634,0:L]O:L][0.332:[0:#0.986,0.529,0.112,1:L][1:#0.972,0.859,0.628,1:L]O:L][0.6:[0:#0.986,0.534,0.112,1:S][1:#0.976,0.86,0.624,1:S]O:S][1:[0:#0.396,0.187,0.004,0:L][1:#0.851,0.601,0.069,0:L]O:L]O
  .MinDistanceFromCamera=0
  .AlphaFalloff=0
  .FarAlphaFalloff=0
  .DistanceScaleAdjustment=1
  .ScaleClampDistance=0
  .MaxDistanceFromCamera=0
  .AlignToTrajectory=false
  .UPivotOffset=
  .VPivotOffset=
  .DoTrail=false
  .DoChildEmitter=false
  .EmitSpec=
  .InitialRotation2D=
  .EmitFrequency=
  .EmitterRadius=
  .WithinRadius=
  .AttractorPosition=
  .AttractorStrength=
  .CollideWithAttractor=false
  .UseChaseTarget=true
  .DeltaRotation3D=
  .LinkChildren=false
  .LinkToCamera=false
  .RunUp=false
  .NumberToEmit=1
  .InitialRotation3D=
  .DeltaRotationUseLocalSpace=false
  .UseWeaponColor=false
  .BloomMode=MEDIUM
  .TextureName=art/fx/texture/fire/4x4_flame_lick_02_bw.dds
  .TextureNumber=0
  .RowSize=4
  .ColumnSize=4
  .StartFrame=0
  .FrameMoveDirection=1
  .AnimationSpeed=0.065
  .UseParticleHueing=TRUE
  .ParticleHueColors=[0:#0,0,0,1:L][0.35:#0.68,0.331,0.08,1:L][0.653:#0.982,0.814,0.418,1:L][1:#0.992,0.954,0.848,1:L]O
