!
! Particle Specification
!
Version=3
AreaGUID=4611686021579460424
[SETTINGS]
  .Name=/art/fx/particles/bh_incendiary_missle_firecore_01_p.prt
  .Folder=/art/fx/particles/
  .ParticleType=BILLBOARD_POINT
  .EmitAtDeathSpec=
  .Motion=
  .Drag=
  .Buoyancy=1.55
  .Trajectory=(<-0.45,-0.65,1,-1>,0,0)
  .CollisionResponse=COLLIDE_IGNORE
  .LifeSpan=0.7
  .DeltaRotation2D=<-0.5,0.5,10,0>
  .OrientationAxis=XYZ
  .XScale2D=[0:0.6:L][1:0.035:O]O
  .YScale2D=[0:0.7:L][1:0.025:L]O
  .ScaleEachUpdate=true
  .LieFlat=false
  .BlurFactor=0
  .BackFace=true
  .DepthBias=1.02
  .SourceBlend=D3DBLEND_SRCALPHA
  .DestBlend=D3DBLEND_ONE
  .TextureName=\art\fx\texture\fire\bw_fire_8x8_loop_alpha_01.dds
  .TextureNumber=0
  .TextureName2=
  .Size2D=0.10
  .ResizeEachUpdate=false
  .DiffuseColor=[0:#0.433,0.228,0.228,0.012:L][0.13:#0.894,0.804,0.804,0.325:L][0.238:#0.985,0.727,0.415,0.4:L][1:#0.62,0.207,0,0:L]O
  .BloomMode=FULLBASE_MEDIUM
  .UseParticleHueing=true
  .ParticleHueColors=[0:#0.512,0.311,0.008,0.012:O][0.505:#0.891,0.539,0.269,0.7:L][0.75:#0.989,0.686,0.27,0.7:O][1:#0.989,0.915,0.631,0:L]O
  .MinDistanceFromCamera=0
  .AlphaFalloff=0
  .FarAlphaFalloff=0
  .DistanceScaleAdjustment=1
  .ScaleClampDistance=0
  .MaxDistanceFromCamera=0
  .AlignToTrajectory=false
  .UPivotOffset=
  .VPivotOffset=
  .DoTrail=false
  .RowSize=8
  .ColumnSize=8
  .StartFrame=-1
  .FrameMoveDirection=1
  .AnimationSpeed=0.0256
  .DoChildEmitter=false
  .EmitSpec=
  .InitialRotation2D=
  .EmitFrequency=
  .EmitterRadius=
  .WithinRadius=
  .AttractorPosition=
  .AttractorStrength=
  .CollideWithAttractor=false
  .UseChaseTarget=false
  .DeltaRotation3D=
  .LinkChildren=false
  .LinkToCamera=false
  .RunUp=false
  .NumberToEmit=1
  .MaxActiveEmissions=1000
  .InitialRotation3D=
  .DeltaRotationUseLocalSpace=false
  .IgnoreFog=false
  .UseLighting=false
