!
! Particle Specification
!
Version=3
AreaGUID=4611686021579460424
[SETTINGS]
  .Name=/art/fx/particles/bh_mag_shot_trail_01_p.prt
  .Folder=/art/fx/particles/
  .ParticleType=BILLBOARD_POINT
  .EmitAtDeathSpec=
  .Motion=
  .Drag=
  .Buoyancy=1
  .Trajectory=(0,0,0)
  .CollisionResponse=COLLIDE_IGNORE
  .LifeSpan=1
  .DeltaRotation2D=
  .OrientationAxis=NONE
  .XScale2D=0.25
  .YScale2D=1
  .ScaleEachUpdate=true
  .LieFlat=false
  .BlurFactor=0
  .BackFace=true
  .DepthBias=1
  .SourceBlend=D3DBLEND_SRCALPHA
  .DestBlend=D3DBLEND_ONE
  .TextureName=art/fx/texture/weapon_ranged/bw_blaster_ship_w_alpha_90.dds
  .TextureNumber=0
  .TextureName2=
  .Size2D=0.1
  .ResizeEachUpdate=true
  .DiffuseColor=#0.578,0.571,0.989,1
  .BloomMode=MEDIUM
  .UseParticleHueing=true
  .ParticleHueColors=[0:#0,0,0,1:L][0.363:#0.248,0.008,0.772,1:L][0.759:#0.716,0.514,0.946,1:L][1:#0.958,0.947,0.993,1:L]O
  .MinDistanceFromCamera=0
  .AlphaFalloff=0
  .FarAlphaFalloff=0
  .DistanceScaleAdjustment=0
  .ScaleClampDistance=0
  .MaxDistanceFromCamera=0
  .AlignToTrajectory=false
  .UPivotOffset=
  .VPivotOffset=
  .DoTrail=true
  .TrailColor1=#0.435,0.435,0.986,0
  .TrailColor2=#0.435,0.435,0.986,0
  .TrailColor3=#0.432,0.432,0.988,1
  .TrailColor4=#0.429,0.429,0.991,1
  .AnimatedTintColor=
  .TrailLengthModifier=3
  .TrailDecay=1.6
  .TrailVertex1=(0,0.01,0)
  .TrailVertex2=(0,-0.01,0)
  .DoSecondaryTrail=true
  .SecondaryTrailVertex1=(0.01,0,0)
  .SecondaryTrailVertex2=(-0.01,0,0)
  .TrailAddRate=0
  .TrailTexture=\art\fx\texture\trail\trail_misc_02.dds
  .RowSize=1
  .ColumnSize=1
  .StartFrame=0
  .FrameMoveDirection=0
  .AnimationSpeed=0
  .DoChildEmitter=false
  .EmitSpec=
  .InitialRotation2D=
  .EmitFrequency=
  .EmitterRadius=
  .WithinRadius=
  .AttractorPosition=
  .AttractorStrength=
  .CollideWithAttractor=false
  .UseChaseTarget=false
  .DeltaRotation3D=
  .LinkChildren=false
  .LinkToCamera=false
  .RunUp=false
  .NumberToEmit=1
  .MaxActiveEmissions=1000
  .InitialRotation3D=
  .DeltaRotationUseLocalSpace=false
  .IgnoreFog=false
  .UseLighting=false
