!
! Particle Specification
!
Version=3
AreaGUID=4611686025128350493
[SETTINGS]
  .Name=\art\fx\particles\bh_missileblast_trail_p.prt
  .Folder=\art\fx\particles\
  .ParticleType=BILLBOARD_POINT
  .EmitAtDeathSpec=
  .Motion=
  .Drag=
  .Buoyancy=1
  .Trajectory=
  .CollisionResponse=COLLIDE_IGNORE
  .LifeSpan=10
  .DeltaRotation2D=<-0.05,0.05,0.5,0>
  .OrientationAxis=XYZ
  .XScale2D=<0.95,1.05,0.5,0>
  .YScale2D=<0.95,1.05,0.5,0>
  .ScaleEachUpdate=true
  .LieFlat=false
  .BlurFactor=0
  .BackFace=true
  .RespectFog=true
  .DepthBias=1
  .SourceBlend=D3DBLEND_ONE
  .DestBlend=D3DBLEND_ONE
  .SpecifyTexturePerWeaponColor=false
  .Size2D=0.25
  .ResizeEachUpdate=true
  .DiffuseColor=#0,0,0,0
  .MinDistanceFromCamera=0
  .AlphaFalloff=0
  .FarAlphaFalloff=0
  .DistanceScaleAdjustment=1
  .ScaleClampDistance=0
  .MaxDistanceFromCamera=0
  .AlignToTrajectory=false
  .UPivotOffset=
  .VPivotOffset=
  .DoTrail=true
  .TrailColor1=#0.265,0.454,0.895,0
  .TrailColor2=#0.265,0.454,0.895,0
  .TrailColor3=#0.419,0.672,0.841,1
  .TrailColor4=#0.419,0.672,0.841,1
  .AnimatedTintColor=
  .TrailLengthModifier=
  .TrailDecay=0.2
  .TrailVertex1=(0,0.007,0)
  .TrailVertex2=(0,-0.007,0)
  .DoSecondaryTrail=true
  .SecondaryTrailVertex1=(0.007,0,0)
  .SecondaryTrailVertex2=(-0.007,0,0)
  .TrailAddRate=0
  .SpecifyTrailTexturePerWeaponColor=false
  .TrailTexture=\art\fx\texture\trail\trail_glob.dds
  .DoChildEmitter=false
  .EmitSpec=
  .InitialRotation2D=
  .EmitFrequency=
  .EmitterRadius=
  .WithinRadius=
  .AttractorPosition=
  .AttractorStrength=
  .CollideWithAttractor=false
  .UseChaseTarget=false
  .DeltaRotation3D=
  .LinkChildren=false
  .LinkToCamera=false
  .RunUp=false
  .NumberToEmit=1
  .InitialRotation3D=
  .DeltaRotationUseLocalSpace=false
  .UseWeaponColor=false
  .BloomMode=MEDIUM
  .TextureNumber=0
  .RowSize=1
  .ColumnSize=1
  .StartFrame=0
  .FrameMoveDirection=0
  .AnimationSpeed=0
  .UseParticleHueing=FALSE
  .TextureName=art/defaultassets/black.dds
