!
! Particle Specification
!
Version=3
AreaGUID=4611686035281670166
[SETTINGS]
  .Name=\art\fx\particles\bh_flame_sweep_flamethrower_main_p.prt
  .Folder=\art\fx\particles\
  .ParticleType=BILLBOARD_POINT
  .EmitAtDeathSpec=
  .Motion=
  .Drag=[0:0:O][1:0.9:L]O
  .Buoyancy=1.65
  .Trajectory=[0:(0.4500,0.0000,0.0000):L][1:(0.2000,0.0000,0.0000):L]O;1.5
  .CollisionResponse=COLLIDE_IGNORE
  .LifeSpan=<0.75,1,1,-0.2>
  .DeltaRotation2D=<-1,1,10,0>
  .OrientationAxis=XYZ
  .XScale2D=[0:0:I][1:0.5:L]O
  .YScale2D=[0:0:I][1:0.65:L]O
  .ScaleEachUpdate=true
  .LieFlat=false
  .BlurFactor=0
  .BackFace=true
  .DepthBias=1.1
  .SourceBlend=D3DBLEND_SRCALPHA
  .DestBlend=D3DBLEND_ONE
  .SpecifyTexturePerWeaponColor=false
  .TextureName=\art\fx\texture\fire\bw_fire_8x8_loop_alpha_01.dds
  .TextureNumber=0
  .Size2D=<0.135,0.2,3.4,0>
  .ResizeEachUpdate=false
  .DiffuseColor=[0:#0.62,0.207,0,0:L][0.1:#0.62,0.207,0,0:I][0.33:#1,1,1,0.8:L][0.8:#1,0.216,0,0.9:L][1:#0.614,0.206,0.006,0:L]O
  .BloomMode=FULLBASE_MEDIUM
  .UseParticleHueing=true
  .ParticleHueColors=[0:#0.196,0.052,0.004,1:O][0.5:#0.772,0.134,0.008,1:L][0.75:#1,0.58,0,1:O][1:#0.992,0.988,0.669,1:L]O
  .MinDistanceFromCamera=0
  .AlphaFalloff=0
  .FarAlphaFalloff=0
  .DistanceScaleAdjustment=1
  .ScaleClampDistance=0
  .MaxDistanceFromCamera=0
  .AlignToTrajectory=false
  .UPivotOffset=
  .VPivotOffset=
  .DoTrail=false
  .RowSize=8
  .ColumnSize=8
  .StartFrame=-1
  .FrameMoveDirection=1
  .AnimationSpeed=0.045
  .DoChildEmitter=false
  .EmitSpec=
  .InitialRotation2D=
  .EmitFrequency=
  .EmitterRadius=
  .WithinRadius=
  .AttractorPosition=
  .AttractorStrength=
  .CollideWithAttractor=false
  .UseChaseTarget=false
  .DeltaRotation3D=
  .LinkChildren=false
  .LinkToCamera=false
  .RunUp=false
  .NumberToEmit=1
  .InitialRotation3D=
  .DeltaRotationUseLocalSpace=false
  .UseWeaponColor=false
  .IgnoreFog=true
