!
! Particle Specification
!
Version=3
AreaGUID=4611686051284571741
[SETTINGS]
  .Name=bh_jetpack_horizontalflare_p.prt
  .Folder=\art\fx\particles\
  .ParticleType=BILLBOARD_POINT
  .EmitAtDeathSpec=
  .Motion=
  .Drag=
  .Buoyancy=1
  .Trajectory=
  .CollisionResponse=COLLIDE_IGNORE
  .LifeSpan=0.04
  .DeltaRotation2D=
  .OrientationAxis=XYZ
  .XScale2D=<0.3,2.4,0.5,0>
  .YScale2D=<0.55,1.1,0.5,0>
  .ScaleEachUpdate=true
  .LieFlat=false
  .BlurFactor=0
  .BackFace=true
  .RespectFog=false
  .DepthBias=1.01
  .SourceBlend=D3DBLEND_SRCALPHA
  .DestBlend=D3DBLEND_ONE
  .SpecifyTexturePerWeaponColor=false
  .Size2D=0.055
  .ResizeEachUpdate=true
  .DiffuseColor=#.001,.5,.925,0.8
  .MinDistanceFromCamera=0
  .AlphaFalloff=0
  .FarAlphaFalloff=0
  .DistanceScaleAdjustment=0
  .ScaleClampDistance=0
  .MaxDistanceFromCamera=0
  .AlignToTrajectory=false
  .UPivotOffset=
  .VPivotOffset=
  .DoTrail=false
  .DoChildEmitter=false
  .EmitSpec=
  .InitialRotation2D=
  .EmitFrequency=
  .EmitterRadius=
  .WithinRadius=
  .AttractorPosition=
  .AttractorStrength=
  .CollideWithAttractor=false
  .UseChaseTarget=false
  .DeltaRotation3D=
  .LinkChildren=false
  .LinkToCamera=false
  .RunUp=false
  .NumberToEmit=1
  .InitialRotation3D=
  .DeltaRotationUseLocalSpace=false
  .UseWeaponColor=false
  .BloomMode=MEDIUM
  .TextureName=art/fx/texture/glow/bw_fx_horizontal_flare_orange_hot.dds
  .TextureNumber=0
  .RowSize=1
  .ColumnSize=1
  .StartFrame=0
  .FrameMoveDirection=0
  .AnimationSpeed=0
  .UseParticleHueing=TRUE
  .ParticleHueColors=[0:#0,0,0,1:L][1:#0.48,0.48,0.48,1:L]O
