!
! Particle Specification
!
Version=3
AreaGUID=4611686301182504003
[SETTINGS]
  .Name=/art/fx/particles/op_yav_rev_maelstrom_unstable_smoke_thin_facing_p.prt
  .Folder=/art/fx/particles/
  .ParticleType=BILLBOARD_POINT
  .EmitAtDeathSpec=
  .Motion=
  .Drag=0
  .Buoyancy=1
  .Trajectory=
  .CollisionResponse=COLLIDE_IGNORE
  .LifeSpan=1.2
  .DeltaRotation2D=0
  .OrientationAxis=XYZ
  .XScale2D=[0:1:L][1:2.5:L]O
  .YScale2D=[0:1:L][1:2.5:L]O
  .ScaleEachUpdate=true
  .LieFlat=false
  .BlurFactor=0
  .BackFace=true
  .DepthBias=1
  .SourceBlend=D3DBLEND_SRCALPHA
  .DestBlend=D3DBLEND_INVSRCALPHA
  .TextureName=\art\fx\texture\fire\8x8_fire_smoke.dds
  .TextureNumber=0
  .Size2D=0.5
  .ResizeEachUpdate=false
  .DiffuseColor=[0:#1,1,1,0:S][0.05:#1,1,1,0.9:S][0.66:#1,1,1,0.9:L][1:#1,1,1,0:L]O
  .BloomMode=MEDIUM
  .UseParticleHueing=true
  .ParticleHueColors=[0:#1,0.008,0.002,1:L][0.25:#1,0.008,0.312,1:L][0.45:#0,0,0,1:L][1:#0,0,0,1:L]O
  .MinDistanceFromCamera=0
  .AlphaFalloff=0
  .FarAlphaFalloff=0
  .DistanceScaleAdjustment=1
  .ScaleClampDistance=0
  .MaxDistanceFromCamera=0
  .AlignToTrajectory=false
  .UPivotOffset=
  .VPivotOffset=0.2
  .DoTrail=false
  .RowSize=8
  .ColumnSize=8
  .StartFrame=16
  .FrameMoveDirection=1
  .AnimationSpeed=0.033
  .DoChildEmitter=false
  .EmitSpec=
  .InitialRotation2D=
  .EmitFrequency=
  .EmitterRadius=
  .WithinRadius=
  .AttractorPosition=
  .AttractorStrength=
  .CollideWithAttractor=false
  .UseChaseTarget=false
  .DeltaRotation3D=
  .LinkChildren=false
  .LinkToCamera=false
  .RunUp=false
  .NumberToEmit=1
  .MaxActiveEmissions=1000
  .InitialRotation3D=
  .DeltaRotationUseLocalSpace=false
  .IgnoreFog=false
