!
! Particle Specification
!
Version=3
AreaGUID=4611686301182504003
[SETTINGS]
  .Name=/art/fx/particles/op_yav_rev_maelstrom_unstable_flames_p.prt
  .Folder=/art/fx/particles/
  .ParticleType=BILLBOARD_POINT
  .EmitAtDeathSpec=
  .Motion=
  .Drag=0
  .Buoyancy=1
  .Trajectory=(0,0.01,0)
  .CollisionResponse=COLLIDE_IGNORE
  .LifeSpan=1
  .DeltaRotation2D=
  .OrientationAxis=NONE
  .XScale2D=1
  .YScale2D=1
  .ScaleEachUpdate=false
  .LieFlat=true
  .BlurFactor=0
  .BackFace=true
  .DepthBias=1
  .SourceBlend=D3DBLEND_SRCALPHA
  .DestBlend=D3DBLEND_ONE
  .TextureName=art\fx\texture\fire\4x4_flame_lick_tintable.dds
  .TextureNumber=0
  .Size2D=[0:0.5:L][1:0.8:L]O
  .ResizeEachUpdate=true
  .DiffuseColor=[0:#1,1,1,0:L][0.4:#1,1,1,1:L][0.6:#1,1,1,1:L][1:#1,1,1,0:L]O
  .BloomMode=NONE
  .UseParticleHueing=true
  .ParticleHueColors=[0:#0,0,0,1:L][0.66:#1,0.057,0.003,1:I][0.81:#1,0.192,0.268,1:I][1:#0,0,0,1:L]O
  .MinDistanceFromCamera=0
  .AlphaFalloff=0
  .FarAlphaFalloff=0
  .DistanceScaleAdjustment=1
  .ScaleClampDistance=0
  .MaxDistanceFromCamera=0
  .AlignToTrajectory=false
  .UPivotOffset=
  .VPivotOffset=
  .DoTrail=false
  .RowSize=4
  .ColumnSize=4
  .StartFrame=1
  .FrameMoveDirection=1
  .AnimationSpeed=0.066
  .DoChildEmitter=false
  .EmitSpec=
  .InitialRotation2D=
  .EmitFrequency=
  .EmitterRadius=
  .WithinRadius=
  .AttractorPosition=
  .AttractorStrength=
  .CollideWithAttractor=false
  .UseChaseTarget=false
  .DeltaRotation3D=
  .LinkChildren=false
  .LinkToCamera=false
  .RunUp=false
  .NumberToEmit=1
  .MaxActiveEmissions=1000
  .InitialRotation3D=
  .DeltaRotationUseLocalSpace=false
  .IgnoreFog=false
