!
! Particle Specification
!
Version=3
AreaGUID=4611686348965397001
[SETTINGS]
  .Name=/art/fx/particles/tr_defensive_surge_initial_streaks_velocity_p.prt
  .Folder=/art/fx/particles/
  .ParticleType=BILLBOARD_POINT
  .EmitAtDeathSpec=
  .Motion=
  .Drag=
  .Buoyancy=1
  .Trajectory=
  .CollisionResponse=COLLIDE_IGNORE
  .LifeSpan=0.2
  .DeltaRotation2D=
  .OrientationAxis=XYZ
  .XScale2D=[0:0.2:L][1:1:L]O
  .YScale2D=1
  .ScaleEachUpdate=true
  .LieFlat=false
  .BlurFactor=0
  .BackFace=true
  .DepthBias=1
  .SourceBlend=D3DBLEND_ONE
  .DestBlend=D3DBLEND_ONE
  .TextureName=art/fx/texture/glow/bw_scanbeam_green_01.dds
  .TextureNumber=0
  .Size2D=[0:0.05:L][1:0.2:L]O
  .ResizeEachUpdate=true
  .DiffuseColor=[0:#0.78,0.22,1.236,1:L][0.348:#0.88,0.12,0.636,1:L][1:#0,0,0,1:L]O
  .BloomMode=MEDIUM
  .UseParticleHueing=true
  .ParticleHueColors=[0:#0,0,0,1:L][0.88:#0.777,0.11,1.263,1:L][1:#0.942,0.302,1.459,1:L]O
  .MinDistanceFromCamera=0
  .AlphaFalloff=0
  .FarAlphaFalloff=0
  .DistanceScaleAdjustment=0
  .ScaleClampDistance=0
  .MaxDistanceFromCamera=0
  .AlignToTrajectory=false
  .UPivotOffset=
  .VPivotOffset=
  .DoTrail=false
  .RowSize=1
  .ColumnSize=1
  .StartFrame=0
  .FrameMoveDirection=0
  .AnimationSpeed=0
  .DoChildEmitter=false
  .EmitSpec=
  .InitialRotation2D=
  .EmitFrequency=
  .EmitterRadius=
  .WithinRadius=
  .AttractorPosition=
  .AttractorStrength=
  .CollideWithAttractor=false
  .UseChaseTarget=false
  .DeltaRotation3D=
  .LinkChildren=false
  .LinkToCamera=false
  .RunUp=false
  .NumberToEmit=1
  .MaxActiveEmissions=1000
  .InitialRotation3D=
  .DeltaRotationUseLocalSpace=false
  .IgnoreFog=false
