!
! Particle Specification
!
Version=3
AreaGUID=4611686348965397001
[SETTINGS]
  .Name=/art/fx/particles/bh_supercharge_energy_gather_core_velocity_p.prt
  .Folder=/art/fx/particles/
  .ParticleType=BILLBOARD_POINT
  .EmitAtDeathSpec=
  .Motion=
  .Drag=
  .Buoyancy=1
  .Trajectory=
  .CollisionResponse=COLLIDE_IGNORE
  .LifeSpan=<0.35,0.65,0.22,-0.2>
  .DeltaRotation2D=
  .OrientationAxis=XYZ
  .XScale2D=<0.03,0.05,1,0>
  .YScale2D=<0.03,0.05,1,0>
  .ScaleEachUpdate=false
  .LieFlat=false
  .BlurFactor=0
  .BackFace=true
  .DepthBias=1
  .SourceBlend=D3DBLEND_SRCALPHA
  .DestBlend=D3DBLEND_ONE
  .TextureName=\art\fx\texture\glow\2x2_flash_basic.dds
  .TextureNumber=15
  .Size2D=<0.2,0.85,0.76,-0.169>
  .ResizeEachUpdate=true
  .DiffuseColor=2[0:[0:#0,0,0,0:L][1:#0,0,0,0:L]O:L][0.153:[0:#0.935,0.939,0.985,1:L][1:#0.402,0.196,0.804,1:L]O:L][0.699:[0:#0.334,0.179,0.668,1:L][1:#0.38,0.283,0.76,1:L]O:L][1:[0:#0,0,0,0:L][1:#0,0,0,0:L]O:L]O
  .BloomMode=MEDIUM
  .UseParticleHueing=true
  .ParticleHueColors=[0:#0,0,0,1:L][0.443:#0.221,0.015,0.453,1:L][0.725:#0.815,0.838,0.985,1:L][1:#0.982,0.978,0.978,1:L]O
  .MinDistanceFromCamera=0
  .AlphaFalloff=0
  .FarAlphaFalloff=0
  .DistanceScaleAdjustment=0
  .ScaleClampDistance=0
  .MaxDistanceFromCamera=0
  .AlignToTrajectory=false
  .UPivotOffset=0
  .VPivotOffset=0
  .DoTrail=false
  .RowSize=1
  .ColumnSize=1
  .StartFrame=0
  .FrameMoveDirection=0
  .AnimationSpeed=0
  .DoChildEmitter=false
  .EmitSpec=
  .InitialRotation2D=
  .EmitFrequency=
  .EmitterRadius=
  .WithinRadius=
  .AttractorPosition=
  .AttractorStrength=
  .CollideWithAttractor=false
  .UseChaseTarget=false
  .DeltaRotation3D=
  .LinkChildren=false
  .LinkToCamera=false
  .RunUp=false
  .NumberToEmit=1
  .MaxActiveEmissions=1000
  .InitialRotation3D=
  .DeltaRotationUseLocalSpace=false
  .IgnoreFog=false
