!
! Particle Specification
!
Version=3
AreaGUID=4611686348965397001
[SETTINGS]
  .Name=/art/fx/particles/tr_defensive_surge_shield_ring_velocity_p.prt
  .Folder=/art/fx/particles/
  .ParticleType=BILLBOARD_POINT
  .EmitAtDeathSpec=
  .Motion=
  .Drag=
  .Buoyancy=1
  .Trajectory=
  .CollisionResponse=COLLIDE_IGNORE
  .LifeSpan=1
  .DeltaRotation2D=<-5,5,0.5,0>
  .OrientationAxis=XYZ
  .XScale2D=1
  .YScale2D=1
  .ScaleEachUpdate=true
  .LieFlat=false
  .BlurFactor=0
  .BackFace=true
  .DepthBias=1
  .SourceBlend=D3DBLEND_SRCALPHA
  .DestBlend=D3DBLEND_ONE
  .TextureName=art/fx/texture/glow/bw_blue_loot_rings.dds
  .TextureNumber=0
  .Size2D=[0:0.12:L][1:0.1:L]O;1.5
  .ResizeEachUpdate=true
  .DiffuseColor=[0:#0,0,0,1:L][0.221:#0.312,0.018,0.808,1:L][1:#0,0,0,1:L]O
  .BloomMode=MEDIUM
  .UseParticleHueing=true
  .ParticleHueColors=[0:#0,0,0,1:L][0.574:#0.85,0.273,1.31,1:L][1:#1,1,1,1:L]O
  .MinDistanceFromCamera=0
  .AlphaFalloff=0
  .FarAlphaFalloff=0
  .DistanceScaleAdjustment=1
  .ScaleClampDistance=0
  .MaxDistanceFromCamera=0
  .AlignToTrajectory=false
  .UPivotOffset=
  .VPivotOffset=
  .DoTrail=false
  .RowSize=1
  .ColumnSize=1
  .StartFrame=0
  .FrameMoveDirection=0
  .AnimationSpeed=0
  .DoChildEmitter=false
  .EmitSpec=
  .InitialRotation2D=
  .EmitFrequency=
  .EmitterRadius=
  .WithinRadius=
  .AttractorPosition=
  .AttractorStrength=
  .CollideWithAttractor=false
  .UseChaseTarget=false
  .DeltaRotation3D=
  .LinkChildren=false
  .LinkToCamera=false
  .RunUp=false
  .NumberToEmit=1
  .MaxActiveEmissions=1000
  .InitialRotation3D=
  .DeltaRotationUseLocalSpace=false
  .IgnoreFog=false
