!
! Particle Specification
!
Version=3
AreaGUID=4611686348965397001
[SETTINGS]
  .Name=/art/fx/particles/bh_supercharge_energy_gather_flare_velocity_p.prt
  .Folder=/art/fx/particles/
  .ParticleType=BILLBOARD_POINT
  .EmitAtDeathSpec=
  .Motion=
  .Drag=
  .Buoyancy=1
  .Trajectory=
  .CollisionResponse=COLLIDE_IGNORE
  .LifeSpan=<0.5,1.1,0.8,-0.333>
  .DeltaRotation2D=
  .OrientationAxis=XYZ
  .XScale2D=<3.8,7,4.26,-0.164>
  .YScale2D=[0:0.2:I][1:0.8:L]O
  .ScaleEachUpdate=true
  .LieFlat=false
  .BlurFactor=0
  .BackFace=true
  .DepthBias=1.1
  .SourceBlend=D3DBLEND_SRCALPHA
  .DestBlend=D3DBLEND_ONE
  .TextureName=\art\fx\texture\glow\streak_horizontal_bw.dds
  .TextureNumber=0
  .Size2D=0.05
  .ResizeEachUpdate=true
  .DiffuseColor=[0:#1,1,1,0:L][0.034:#0.72,0.72,0.72,0.2:L][0.067:#0.935,0.939,0.985,0.5:L][0.106:#0.72,0.72,0.72,0.3:L][0.443:#0.72,0.72,0.72,0.3:L][0.472:#0.935,0.943,0.985,0.5:L][0.518:#0.72,0.72,0.72,0.3:L][1:#1,1,1,0:L]O
  .BloomMode=GLOWONLY
  .UseParticleHueing=true
  .ParticleHueColors=[0:#0,0,0,1:L][0.425:#0.25,0.072,0.5,1:L][0.824:#0.842,0.856,0.958,1:L][1:#0.95,0.954,0.97,1:L]O
  .MinDistanceFromCamera=0
  .AlphaFalloff=0
  .FarAlphaFalloff=0
  .DistanceScaleAdjustment=1
  .ScaleClampDistance=0
  .MaxDistanceFromCamera=0
  .AlignToTrajectory=false
  .UPivotOffset=
  .VPivotOffset=
  .DoTrail=false
  .RowSize=1
  .ColumnSize=1
  .StartFrame=0
  .FrameMoveDirection=0
  .AnimationSpeed=0
  .DoChildEmitter=false
  .EmitSpec=
  .InitialRotation2D=
  .EmitFrequency=
  .EmitterRadius=
  .WithinRadius=
  .AttractorPosition=
  .AttractorStrength=
  .CollideWithAttractor=false
  .UseChaseTarget=false
  .DeltaRotation3D=
  .LinkChildren=false
  .LinkToCamera=false
  .RunUp=false
  .NumberToEmit=1
  .MaxActiveEmissions=1000
  .InitialRotation3D=
  .DeltaRotationUseLocalSpace=false
  .IgnoreFog=false
