!
! Particle Specification
!
Version=3
AreaGUID=4611686348965397001
[SETTINGS]
  .Name=/art/fx/particles/tr_defensive_surge_intial_burst_velocity_p.prt
  .Folder=/art/fx/particles/
  .ParticleType=BILLBOARD_POINT
  .EmitAtDeathSpec=
  .Motion=
  .Drag=
  .Buoyancy=1
  .Trajectory=
  .CollisionResponse=COLLIDE_IGNORE
  .LifeSpan=0.2
  .DeltaRotation2D=
  .OrientationAxis=XYZ
  .XScale2D=<0.5,1,0.1,-0.2>
  .YScale2D=<0.5,1,0.1,-0.2>
  .ScaleEachUpdate=true
  .LieFlat=false
  .BlurFactor=0
  .BackFace=true
  .DepthBias=1
  .SourceBlend=D3DBLEND_ONE
  .DestBlend=D3DBLEND_ONE
  .TextureName=\art\fx\texture\glow\fx_energy_rings_01.dds
  .TextureNumber=0
  .Size2D=[0:0.05:L][1:0.2:L]O
  .ResizeEachUpdate=true
  .DiffuseColor=[0:#0.989,0.501,1.45,1:L][0.345:#0.985,0.364,1.254,1:L][1:#0,0,0,1:L]O
  .BloomMode=MEDIUM
  .UseParticleHueing=false
  .MinDistanceFromCamera=0
  .AlphaFalloff=0
  .FarAlphaFalloff=0
  .DistanceScaleAdjustment=0
  .ScaleClampDistance=0
  .MaxDistanceFromCamera=0
  .AlignToTrajectory=false
  .UPivotOffset=
  .VPivotOffset=
  .DoTrail=false
  .RowSize=1
  .ColumnSize=1
  .StartFrame=0
  .FrameMoveDirection=0
  .AnimationSpeed=0
  .DoChildEmitter=false
  .EmitSpec=
  .InitialRotation2D=
  .EmitFrequency=
  .EmitterRadius=
  .WithinRadius=
  .AttractorPosition=
  .AttractorStrength=
  .CollideWithAttractor=false
  .UseChaseTarget=false
  .DeltaRotation3D=
  .LinkChildren=false
  .LinkToCamera=false
  .RunUp=false
  .NumberToEmit=1
  .MaxActiveEmissions=1000
  .InitialRotation3D=
  .DeltaRotationUseLocalSpace=false
  .IgnoreFog=false
