!
! Particle Specification
!
Version=3
AreaGUID=4611686348965397001
[SETTINGS]
  .Name=/art/fx/particles/bh_supercharge_energy_gather_wave_in_velocity_p.prt
  .Folder=/art/fx/particles/
  .ParticleType=BILLBOARD_POINT
  .EmitAtDeathSpec=
  .Motion=
  .Drag=0
  .Buoyancy=1
  .Trajectory=(0,0,0)
  .CollisionResponse=COLLIDE_IGNORE
  .LifeSpan=<0.18,0.55,0.39,-0.135>
  .DeltaRotation2D=<-0.35,0.35,0.28,0>
  .OrientationAxis=XYZ
  .XScale2D=0.7
  .YScale2D=0.7
  .ScaleEachUpdate=false
  .LieFlat=false
  .BlurFactor=0
  .BackFace=true
  .DepthBias=1
  .SourceBlend=D3DBLEND_SRCALPHA
  .DestBlend=D3DBLEND_ONE
  .TextureName=\art\fx\texture\glow\all_abl_xpboost_streaks.dds
  .TextureNumber=0
  .Size2D=[0:0.268:L][1:0.005:L]O
  .ResizeEachUpdate=true
  .DiffuseColor=[0:#0,0,0,0:O][0.513:#0.834,0.834,0.834,0.834:L][0.894:#0.929,0.929,0.929,1:L][1:#0,0,0,0:H]O
  .BloomMode=GLOWONLY
  .UseParticleHueing=true
  .ParticleHueColors=[0:#0,0,0,1:L][0.199:#0.274,0.043,0.399,1:L][0.788:#0.815,0.83,0.985,1:L][1:#0.982,0.978,0.978,1:L]O
  .MinDistanceFromCamera=0
  .AlphaFalloff=0
  .FarAlphaFalloff=0
  .DistanceScaleAdjustment=1
  .ScaleClampDistance=0
  .MaxDistanceFromCamera=0
  .AlignToTrajectory=false
  .UPivotOffset=
  .VPivotOffset=
  .DoTrail=false
  .RowSize=1
  .ColumnSize=1
  .StartFrame=1
  .FrameMoveDirection=0
  .AnimationSpeed=0
  .DoChildEmitter=false
  .EmitSpec=
  .InitialRotation2D=
  .EmitFrequency=
  .EmitterRadius=
  .WithinRadius=
  .AttractorPosition=
  .AttractorStrength=
  .CollideWithAttractor=false
  .UseChaseTarget=false
  .DeltaRotation3D=
  .LinkChildren=false
  .LinkToCamera=false
  .RunUp=false
  .NumberToEmit=1
  .MaxActiveEmissions=1000
  .InitialRotation3D=
  .DeltaRotationUseLocalSpace=false
  .IgnoreFog=false
